  IPCapture.cpp
H:\VS_WorkSpace\IPCapture\IPCapture\IPCapture.cpp(58,1): warning C4996: 'strcpy': This function or variable may be unsafe. Consider using strcpy_s instead. To disable deprecation, use _CRT_SECURE_NO_WARNINGS. See online help for details.
D:\Windows Kits\10\Include\10.0.18362.0\ucrt\string.h(133): message : 参见“strcpy”的声明
H:\VS_WorkSpace\IPCapture\IPCapture\IPCapture.cpp(61,1): warning C4996: 'strcpy': This function or variable may be unsafe. Consider using strcpy_s instead. To disable deprecation, use _CRT_SECURE_NO_WARNINGS. See online help for details.
D:\Windows Kits\10\Include\10.0.18362.0\ucrt\string.h(133): message : 参见“strcpy”的声明
H:\VS_WorkSpace\IPCapture\IPCapture\IPCapture.cpp(64,1): warning C4996: 'strcpy': This function or variable may be unsafe. Consider using strcpy_s instead. To disable deprecation, use _CRT_SECURE_NO_WARNINGS. See online help for details.
D:\Windows Kits\10\Include\10.0.18362.0\ucrt\string.h(133): message : 参见“strcpy”的声明
H:\VS_WorkSpace\IPCapture\IPCapture\IPCapture.cpp(67,1): warning C4996: 'strcpy': This function or variable may be unsafe. Consider using strcpy_s instead. To disable deprecation, use _CRT_SECURE_NO_WARNINGS. See online help for details.
D:\Windows Kits\10\Include\10.0.18362.0\ucrt\string.h(133): message : 参见“strcpy”的声明
H:\VS_WorkSpace\IPCapture\IPCapture\IPCapture.cpp(70,1): warning C4996: 'strcpy': This function or variable may be unsafe. Consider using strcpy_s instead. To disable deprecation, use _CRT_SECURE_NO_WARNINGS. See online help for details.
D:\Windows Kits\10\Include\10.0.18362.0\ucrt\string.h(133): message : 参见“strcpy”的声明
H:\VS_WorkSpace\IPCapture\IPCapture\IPCapture.cpp(73,1): warning C4996: 'strcpy': This function or variable may be unsafe. Consider using strcpy_s instead. To disable deprecation, use _CRT_SECURE_NO_WARNINGS. See online help for details.
D:\Windows Kits\10\Include\10.0.18362.0\ucrt\string.h(133): message : 参见“strcpy”的声明
H:\VS_WorkSpace\IPCapture\IPCapture\IPCapture.cpp(76,1): warning C4996: 'strcpy': This function or variable may be unsafe. Consider using strcpy_s instead. To disable deprecation, use _CRT_SECURE_NO_WARNINGS. See online help for details.
D:\Windows Kits\10\Include\10.0.18362.0\ucrt\string.h(133): message : 参见“strcpy”的声明
H:\VS_WorkSpace\IPCapture\IPCapture\IPCapture.cpp(79,1): warning C4996: 'strcpy': This function or variable may be unsafe. Consider using strcpy_s instead. To disable deprecation, use _CRT_SECURE_NO_WARNINGS. See online help for details.
D:\Windows Kits\10\Include\10.0.18362.0\ucrt\string.h(133): message : 参见“strcpy”的声明
H:\VS_WorkSpace\IPCapture\IPCapture\IPCapture.cpp(82,1): warning C4996: 'strcpy': This function or variable may be unsafe. Consider using strcpy_s instead. To disable deprecation, use _CRT_SECURE_NO_WARNINGS. See online help for details.
D:\Windows Kits\10\Include\10.0.18362.0\ucrt\string.h(133): message : 参见“strcpy”的声明
H:\VS_WorkSpace\IPCapture\IPCapture\IPCapture.cpp(85,1): warning C4996: 'strcpy': This function or variable may be unsafe. Consider using strcpy_s instead. To disable deprecation, use _CRT_SECURE_NO_WARNINGS. See online help for details.
D:\Windows Kits\10\Include\10.0.18362.0\ucrt\string.h(133): message : 参见“strcpy”的声明
H:\VS_WorkSpace\IPCapture\IPCapture\IPCapture.cpp(88,1): warning C4996: 'strcpy': This function or variable may be unsafe. Consider using strcpy_s instead. To disable deprecation, use _CRT_SECURE_NO_WARNINGS. See online help for details.
D:\Windows Kits\10\Include\10.0.18362.0\ucrt\string.h(133): message : 参见“strcpy”的声明
H:\VS_WorkSpace\IPCapture\IPCapture\IPCapture.cpp(139,1): warning C4996: 'fopen': This function or variable may be unsafe. Consider using fopen_s instead. To disable deprecation, use _CRT_SECURE_NO_WARNINGS. See online help for details.
D:\Windows Kits\10\Include\10.0.18362.0\ucrt\stdio.h(208): message : 参见“fopen”的声明
H:\VS_WorkSpace\IPCapture\IPCapture\IPCapture.cpp(165,1): warning C4996: 'scanf': This function or variable may be unsafe. Consider using scanf_s instead. To disable deprecation, use _CRT_SECURE_NO_WARNINGS. See online help for details.
D:\Windows Kits\10\Include\10.0.18362.0\ucrt\stdio.h(1274): message : 参见“scanf”的声明
H:\VS_WorkSpace\IPCapture\IPCapture\IPCapture.cpp(200,1): warning C4996: 'scanf': This function or variable may be unsafe. Consider using scanf_s instead. To disable deprecation, use _CRT_SECURE_NO_WARNINGS. See online help for details.
D:\Windows Kits\10\Include\10.0.18362.0\ucrt\stdio.h(1274): message : 参见“scanf”的声明
  IPCapture.vcxproj -> H:\VS_WorkSpace\IPCapture\Debug\IPCapture.exe
